Vivado Simulator v2025.2
Copyright 1986-2022 Xilinx, Inc. All Rights Reserved.
Copyright 2022-2025 Advanced Micro Devices, Inc. All Rights Reserved.
Running: /opt/Xilinx/2025.2/Vivado/bin/unwrapped/lnx64.o/xelab -top top_tb -snapshot top_tb_snap -debug typical 
Multi-threading is on. Using 18 slave threads.
WARNING: [XSIM 43-3431] One or more environment variables have been detected which affect the operation of the C compiler. These are typically not set in standard installations and are not tested by AMD, however they may be appropriate for your system, so the flow will attempt to continue.  If errors occur, try running xelab with the "-mt off -v 1" switches to see more information from the C compiler. The following environment variables have been detected:
    LIBRARY_PATH
Starting static elaboration
Pass Through NonSizing Optimizer
Completed static elaboration
Starting simulation data flow analysis
Completed simulation data flow analysis
Time Resolution for simulation is 1ps
Compiling package work.riscv_pkg
Compiling module work.program_counter
Compiling module work.reg_file
Compiling module work.extend
Compiling module work.alu
Compiling module work.main_decoder
Compiling module work.alu_decoder
Compiling module work.riscv_core
Compiling module work.data_memory
Compiling module work.instruction_memory
Compiling module work.top
Compiling module work.top_tb
Built simulation snapshot top_tb_snap
